<?xml version="1.0" encoding="UTF-8"?>
<testsuite xmlns:xsi="http://www.w3.org/2001/XMLSchema-instance" xsi:noNamespaceSchemaLocation="https://maven.apache.org/surefire/maven-surefire-plugin/xsd/surefire-test-report-3.0.xsd" version="3.0" name="com.ECSE429.BDDTest.RunCucumberTest" time="43.693" tests="28" errors="0" skipped="0" failures="1">
  <properties>
    <property name="java.specification.version" value="15"/>
    <property name="sun.jnu.encoding" value="UTF-8"/>
    <property name="java.class.path" value="/Users/raniaouassif/Desktop/WINTER2023/ECSE429-Project/Project_Part_B/target/test-classes:/Users/raniaouassif/Desktop/WINTER2023/ECSE429-Project/Project_Part_B/target/classes:/Users/raniaouassif/.m2/repository/io/cucumber/cucumber-java/7.11.1/cucumber-java-7.11.1.jar:/Users/raniaouassif/.m2/repository/io/cucumber/cucumber-core/7.11.1/cucumber-core-7.11.1.jar:/Users/raniaouassif/.m2/repository/io/cucumber/cucumber-gherkin/7.11.1/cucumber-gherkin-7.11.1.jar:/Users/raniaouassif/.m2/repository/io/cucumber/cucumber-gherkin-messages/7.11.1/cucumber-gherkin-messages-7.11.1.jar:/Users/raniaouassif/.m2/repository/io/cucumber/gherkin/26.0.3/gherkin-26.0.3.jar:/Users/raniaouassif/.m2/repository/io/cucumber/messages/21.0.1/messages-21.0.1.jar:/Users/raniaouassif/.m2/repository/io/cucumber/tag-expressions/5.0.1/tag-expressions-5.0.1.jar:/Users/raniaouassif/.m2/repository/io/cucumber/cucumber-expressions/16.1.2/cucumber-expressions-16.1.2.jar:/Users/raniaouassif/.m2/repository/io/cucumber/datatable/7.11.1/datatable-7.11.1.jar:/Users/raniaouassif/.m2/repository/io/cucumber/cucumber-plugin/7.11.1/cucumber-plugin-7.11.1.jar:/Users/raniaouassif/.m2/repository/io/cucumber/docstring/7.11.1/docstring-7.11.1.jar:/Users/raniaouassif/.m2/repository/io/cucumber/html-formatter/20.2.1/html-formatter-20.2.1.jar:/Users/raniaouassif/.m2/repository/io/cucumber/junit-xml-formatter/0.1.0/junit-xml-formatter-0.1.0.jar:/Users/raniaouassif/.m2/repository/io/cucumber/ci-environment/9.1.0/ci-environment-9.1.0.jar:/Users/raniaouassif/.m2/repository/org/apiguardian/apiguardian-api/1.1.2/apiguardian-api-1.1.2.jar:/Users/raniaouassif/.m2/repository/io/cucumber/cucumber-junit-platform-engine/7.11.1/cucumber-junit-platform-engine-7.11.1.jar:/Users/raniaouassif/.m2/repository/org/junit/platform/junit-platform-engine/1.9.2/junit-platform-engine-1.9.2.jar:/Users/raniaouassif/.m2/repository/org/opentest4j/opentest4j/1.2.0/opentest4j-1.2.0.jar:/Users/raniaouassif/.m2/repository/org/junit/platform/junit-platform-commons/1.9.2/junit-platform-commons-1.9.2.jar:/Users/raniaouassif/.m2/repository/org/junit/platform/junit-platform-suite/1.9.2/junit-platform-suite-1.9.2.jar:/Users/raniaouassif/.m2/repository/org/junit/platform/junit-platform-suite-api/1.9.2/junit-platform-suite-api-1.9.2.jar:/Users/raniaouassif/.m2/repository/org/junit/platform/junit-platform-suite-engine/1.9.2/junit-platform-suite-engine-1.9.2.jar:/Users/raniaouassif/.m2/repository/org/junit/platform/junit-platform-suite-commons/1.9.2/junit-platform-suite-commons-1.9.2.jar:/Users/raniaouassif/.m2/repository/org/junit/platform/junit-platform-launcher/1.9.2/junit-platform-launcher-1.9.2.jar:/Users/raniaouassif/.m2/repository/org/junit/jupiter/junit-jupiter/5.9.2/junit-jupiter-5.9.2.jar:/Users/raniaouassif/.m2/repository/org/junit/jupiter/junit-jupiter-api/5.9.2/junit-jupiter-api-5.9.2.jar:/Users/raniaouassif/.m2/repository/org/junit/jupiter/junit-jupiter-params/5.9.2/junit-jupiter-params-5.9.2.jar:/Users/raniaouassif/.m2/repository/org/junit/jupiter/junit-jupiter-engine/5.9.2/junit-jupiter-engine-5.9.2.jar:/Users/raniaouassif/.m2/repository/org/json/json/20220924/json-20220924.jar:/Users/raniaouassif/.m2/repository/com/squareup/okhttp3/okhttp/4.9.3/okhttp-4.9.3.jar:/Users/raniaouassif/.m2/repository/com/squareup/okio/okio/2.8.0/okio-2.8.0.jar:/Users/raniaouassif/.m2/repository/org/jetbrains/kotlin/kotlin-stdlib-common/1.4.0/kotlin-stdlib-common-1.4.0.jar:/Users/raniaouassif/.m2/repository/org/jetbrains/kotlin/kotlin-stdlib/1.4.10/kotlin-stdlib-1.4.10.jar:/Users/raniaouassif/.m2/repository/org/jetbrains/annotations/13.0/annotations-13.0.jar:"/>
    <property name="java.vm.vendor" value="Oracle Corporation"/>
    <property name="sun.arch.data.model" value="64"/>
    <property name="java.vendor.url" value="https://java.oracle.com/"/>
    <property name="user.timezone" value="Africa/Casablanca"/>
    <property name="os.name" value="Mac OS X"/>
    <property name="java.vm.specification.version" value="15"/>
    <property name="sun.java.launcher" value="SUN_STANDARD"/>
    <property name="user.country" value="CA"/>
    <property name="sun.boot.library.path" value="/Library/Java/JavaVirtualMachines/jdk-15.0.1.jdk/Contents/Home/lib"/>
    <property name="sun.java.command" value="/Users/raniaouassif/Desktop/WINTER2023/ECSE429-Project/Project_Part_B/target/surefire/surefirebooter-20230304235525029_3.jar /Users/raniaouassif/Desktop/WINTER2023/ECSE429-Project/Project_Part_B/target/surefire 2023-03-04T23-55-24_802-jvmRun1 surefire-20230304235525029_1tmp surefire_0-20230304235525029_2tmp"/>
    <property name="http.nonProxyHosts" value="local|*.local|169.254/16|*.169.254/16"/>
    <property name="jdk.debug" value="release"/>
    <property name="surefire.test.class.path" value="/Users/raniaouassif/Desktop/WINTER2023/ECSE429-Project/Project_Part_B/target/test-classes:/Users/raniaouassif/Desktop/WINTER2023/ECSE429-Project/Project_Part_B/target/classes:/Users/raniaouassif/.m2/repository/io/cucumber/cucumber-java/7.11.1/cucumber-java-7.11.1.jar:/Users/raniaouassif/.m2/repository/io/cucumber/cucumber-core/7.11.1/cucumber-core-7.11.1.jar:/Users/raniaouassif/.m2/repository/io/cucumber/cucumber-gherkin/7.11.1/cucumber-gherkin-7.11.1.jar:/Users/raniaouassif/.m2/repository/io/cucumber/cucumber-gherkin-messages/7.11.1/cucumber-gherkin-messages-7.11.1.jar:/Users/raniaouassif/.m2/repository/io/cucumber/gherkin/26.0.3/gherkin-26.0.3.jar:/Users/raniaouassif/.m2/repository/io/cucumber/messages/21.0.1/messages-21.0.1.jar:/Users/raniaouassif/.m2/repository/io/cucumber/tag-expressions/5.0.1/tag-expressions-5.0.1.jar:/Users/raniaouassif/.m2/repository/io/cucumber/cucumber-expressions/16.1.2/cucumber-expressions-16.1.2.jar:/Users/raniaouassif/.m2/repository/io/cucumber/datatable/7.11.1/datatable-7.11.1.jar:/Users/raniaouassif/.m2/repository/io/cucumber/cucumber-plugin/7.11.1/cucumber-plugin-7.11.1.jar:/Users/raniaouassif/.m2/repository/io/cucumber/docstring/7.11.1/docstring-7.11.1.jar:/Users/raniaouassif/.m2/repository/io/cucumber/html-formatter/20.2.1/html-formatter-20.2.1.jar:/Users/raniaouassif/.m2/repository/io/cucumber/junit-xml-formatter/0.1.0/junit-xml-formatter-0.1.0.jar:/Users/raniaouassif/.m2/repository/io/cucumber/ci-environment/9.1.0/ci-environment-9.1.0.jar:/Users/raniaouassif/.m2/repository/org/apiguardian/apiguardian-api/1.1.2/apiguardian-api-1.1.2.jar:/Users/raniaouassif/.m2/repository/io/cucumber/cucumber-junit-platform-engine/7.11.1/cucumber-junit-platform-engine-7.11.1.jar:/Users/raniaouassif/.m2/repository/org/junit/platform/junit-platform-engine/1.9.2/junit-platform-engine-1.9.2.jar:/Users/raniaouassif/.m2/repository/org/opentest4j/opentest4j/1.2.0/opentest4j-1.2.0.jar:/Users/raniaouassif/.m2/repository/org/junit/platform/junit-platform-commons/1.9.2/junit-platform-commons-1.9.2.jar:/Users/raniaouassif/.m2/repository/org/junit/platform/junit-platform-suite/1.9.2/junit-platform-suite-1.9.2.jar:/Users/raniaouassif/.m2/repository/org/junit/platform/junit-platform-suite-api/1.9.2/junit-platform-suite-api-1.9.2.jar:/Users/raniaouassif/.m2/repository/org/junit/platform/junit-platform-suite-engine/1.9.2/junit-platform-suite-engine-1.9.2.jar:/Users/raniaouassif/.m2/repository/org/junit/platform/junit-platform-suite-commons/1.9.2/junit-platform-suite-commons-1.9.2.jar:/Users/raniaouassif/.m2/repository/org/junit/platform/junit-platform-launcher/1.9.2/junit-platform-launcher-1.9.2.jar:/Users/raniaouassif/.m2/repository/org/junit/jupiter/junit-jupiter/5.9.2/junit-jupiter-5.9.2.jar:/Users/raniaouassif/.m2/repository/org/junit/jupiter/junit-jupiter-api/5.9.2/junit-jupiter-api-5.9.2.jar:/Users/raniaouassif/.m2/repository/org/junit/jupiter/junit-jupiter-params/5.9.2/junit-jupiter-params-5.9.2.jar:/Users/raniaouassif/.m2/repository/org/junit/jupiter/junit-jupiter-engine/5.9.2/junit-jupiter-engine-5.9.2.jar:/Users/raniaouassif/.m2/repository/org/json/json/20220924/json-20220924.jar:/Users/raniaouassif/.m2/repository/com/squareup/okhttp3/okhttp/4.9.3/okhttp-4.9.3.jar:/Users/raniaouassif/.m2/repository/com/squareup/okio/okio/2.8.0/okio-2.8.0.jar:/Users/raniaouassif/.m2/repository/org/jetbrains/kotlin/kotlin-stdlib-common/1.4.0/kotlin-stdlib-common-1.4.0.jar:/Users/raniaouassif/.m2/repository/org/jetbrains/kotlin/kotlin-stdlib/1.4.10/kotlin-stdlib-1.4.10.jar:/Users/raniaouassif/.m2/repository/org/jetbrains/annotations/13.0/annotations-13.0.jar:"/>
    <property name="sun.cpu.endian" value="little"/>
    <property name="user.home" value="/Users/raniaouassif"/>
    <property name="user.language" value="en"/>
    <property name="java.specification.vendor" value="Oracle Corporation"/>
    <property name="java.version.date" value="2020-10-20"/>
    <property name="java.home" value="/Library/Java/JavaVirtualMachines/jdk-15.0.1.jdk/Contents/Home"/>
    <property name="file.separator" value="/"/>
    <property name="basedir" value="/Users/raniaouassif/Desktop/WINTER2023/ECSE429-Project/Project_Part_B"/>
    <property name="java.vm.compressedOopsMode" value="Zero based"/>
    <property name="line.separator" value="&#10;"/>
    <property name="java.specification.name" value="Java Platform API Specification"/>
    <property name="java.vm.specification.vendor" value="Oracle Corporation"/>
    <property name="surefire.real.class.path" value="/Users/raniaouassif/Desktop/WINTER2023/ECSE429-Project/Project_Part_B/target/surefire/surefirebooter-20230304235525029_3.jar"/>
    <property name="sun.management.compiler" value="HotSpot 64-Bit Tiered Compilers"/>
    <property name="ftp.nonProxyHosts" value="local|*.local|169.254/16|*.169.254/16"/>
    <property name="java.runtime.version" value="15.0.1+9-18"/>
    <property name="user.name" value="raniaouassif"/>
    <property name="path.separator" value=":"/>
    <property name="os.version" value="10.16"/>
    <property name="java.runtime.name" value="Java(TM) SE Runtime Environment"/>
    <property name="file.encoding" value="UTF-8"/>
    <property name="java.vm.name" value="Java HotSpot(TM) 64-Bit Server VM"/>
    <property name="localRepository" value="/Users/raniaouassif/.m2/repository"/>
    <property name="cucumber.options" value="--order random"/>
    <property name="java.vendor.url.bug" value="https://bugreport.java.com/bugreport/"/>
    <property name="java.io.tmpdir" value="/var/folders/ty/4d4rr6ss1c15_6nr8gmkgy940000gn/T/"/>
    <property name="java.version" value="15.0.1"/>
    <property name="user.dir" value="/Users/raniaouassif/Desktop/WINTER2023/ECSE429-Project/Project_Part_B"/>
    <property name="os.arch" value="x86_64"/>
    <property name="java.vm.specification.name" value="Java Virtual Machine Specification"/>
    <property name="java.library.path" value="/Users/raniaouassif/Library/Java/Extensions:/Library/Java/Extensions:/Network/Library/Java/Extensions:/System/Library/Java/Extensions:/usr/lib/java:."/>
    <property name="java.vm.info" value="mixed mode, sharing"/>
    <property name="java.vendor" value="Oracle Corporation"/>
    <property name="java.vm.version" value="15.0.1+9-18"/>
    <property name="sun.io.unicode.encoding" value="UnicodeBig"/>
    <property name="socksNonProxyHosts" value="local|*.local|169.254/16|*.169.254/16"/>
    <property name="java.class.version" value="59.0"/>
  </properties>
  <testcase name="Example #1.1" classname="Examples" time="2.017">
    <system-out><![CDATA[
Scenario Outline: Create a new todo with title, description and doneStatus (Normal Flow)                                                                   &amp#27;[90m# features/AddTodo.feature:14&amp#27;[0m
Setting up environment
  &amp#27;[32mGiven &amp#27;[0m&amp#27;[32mthe service is running&amp#27;[0m                                                                                                                             &amp#27;[90m# com.ECSE429.BDDTest.TodosStepDefinitions.the_service_is_running()&amp#27;[0m
  &amp#27;[32mWhen &amp#27;[0m&amp#27;[32mI add a new todo with title &amp#27;[0m&amp#27;[32m&amp#27;[1m"Record Unit Test Suite Video"&amp#27;[0m&amp#27;[32m, description &amp#27;[0m&amp#27;[32m&amp#27;[1m"For ECSE429 project"&amp#27;[0m&amp#27;[32m and doneStatus &amp#27;[0m&amp#27;[32m&amp#27;[1m"false"&amp#27;[0m                                &amp#27;[90m# com.ECSE429.BDDTest.TodosStepDefinitions.i_add_a_new_todo_with_title_description_and_done_status(java.lang.String,java.lang.String,java.lang.String)&amp#27;[0m
  &amp#27;[32mThen &amp#27;[0m&amp#27;[32ma status code &amp#27;[0m&amp#27;[32m&amp#27;[1m"201"&amp#27;[0m&amp#27;[32m with response phrase &amp#27;[0m&amp#27;[32m&amp#27;[1m"Created"&amp#27;[0m&amp#27;[32m is returned&amp#27;[0m                                                                                      &amp#27;[90m# com.ECSE429.BDDTest.TodosStepDefinitions.a_status_code_with_response_phrase_is_returned(java.lang.String,java.lang.String)&amp#27;[0m
  &amp#27;[32mAnd &amp#27;[0m&amp#27;[32mI should see one new todo with title &amp#27;[0m&amp#27;[32m&amp#27;[1m"Record Unit Test Suite Video"&amp#27;[0m&amp#27;[32m, description &amp#27;[0m&amp#27;[32m&amp#27;[1m"For ECSE429 project"&amp#27;[0m&amp#27;[32m and doneStatus &amp#27;[0m&amp#27;[32m&amp#27;[1m"false"&amp#27;[0m&amp#27;[32m within the application&amp#27;[0m &amp#27;[90m# com.ECSE429.BDDTest.TodosStepDefinitions.i_should_see_one_new_todo_with_title_description_and_done_status_within_the_application(java.lang.String,java.lang.String,java.lang.String)&amp#27;[0m
Shutdown system
]]></system-out>
  </testcase>
  <testcase name="Example #1.1" classname="Examples" time="1.532">
    <system-out><![CDATA[
Scenario Outline: Create a new todo with title only (Alternate Flow)                                                                    &amp#27;[90m# features/AddTodo.feature:24&amp#27;[0m
Setting up environment
  &amp#27;[32mGiven &amp#27;[0m&amp#27;[32mthe service is running&amp#27;[0m                                                                                                          &amp#27;[90m# com.ECSE429.BDDTest.TodosStepDefinitions.the_service_is_running()&amp#27;[0m
  &amp#27;[32mWhen &amp#27;[0m&amp#27;[32mI add a new todo with title &amp#27;[0m&amp#27;[32m&amp#27;[1m"Record Unit Test Suite Video"&amp#27;[0m                                                                       &amp#27;[90m# com.ECSE429.BDDTest.TodosStepDefinitions.i_add_a_new_todo_with_title(java.lang.String)&amp#27;[0m
  &amp#27;[32mThen &amp#27;[0m&amp#27;[32ma status code &amp#27;[0m&amp#27;[32m&amp#27;[1m"201"&amp#27;[0m&amp#27;[32m with response phrase &amp#27;[0m&amp#27;[32m&amp#27;[1m"Created"&amp#27;[0m&amp#27;[32m is returned&amp#27;[0m                                                                   &amp#27;[90m# com.ECSE429.BDDTest.TodosStepDefinitions.a_status_code_with_response_phrase_is_returned(java.lang.String,java.lang.String)&amp#27;[0m
  &amp#27;[32mAnd &amp#27;[0m&amp#27;[32mI should see one new todo with title &amp#27;[0m&amp#27;[32m&amp#27;[1m"Record Unit Test Suite Video"&amp#27;[0m&amp#27;[32m, description &amp#27;[0m&amp#27;[32m&amp#27;[1m""&amp#27;[0m&amp#27;[32m and doneStatus &amp#27;[0m&amp#27;[32m&amp#27;[1m"false"&amp#27;[0m&amp#27;[32m within the application&amp#27;[0m &amp#27;[90m# com.ECSE429.BDDTest.TodosStepDefinitions.i_should_see_one_new_todo_with_title_description_and_done_status_within_the_application(java.lang.String,java.lang.String,java.lang.String)&amp#27;[0m
Shutdown system
]]></system-out>
  </testcase>
  <testcase name="Example #1.1" classname="Examples" time="1.517">
    <system-out><![CDATA[
Scenario Outline: Create a new todo with empty title (Error Flow)                           &amp#27;[90m# features/AddTodo.feature:35&amp#27;[0m
Setting up environment
  &amp#27;[32mGiven &amp#27;[0m&amp#27;[32mthe service is running&amp#27;[0m                                                              &amp#27;[90m# com.ECSE429.BDDTest.TodosStepDefinitions.the_service_is_running()&amp#27;[0m
  &amp#27;[32mWhen &amp#27;[0m&amp#27;[32mI add a new todo with title &amp#27;[0m&amp#27;[32m&amp#27;[1m""&amp#27;[0m                                                       &amp#27;[90m# com.ECSE429.BDDTest.TodosStepDefinitions.i_add_a_new_todo_with_title(java.lang.String)&amp#27;[0m
  &amp#27;[32mThen &amp#27;[0m&amp#27;[32ma status code &amp#27;[0m&amp#27;[32m&amp#27;[1m"400"&amp#27;[0m&amp#27;[32m with response phrase &amp#27;[0m&amp#27;[32m&amp#27;[1m"Bad Request"&amp#27;[0m&amp#27;[32m is returned&amp#27;[0m                   &amp#27;[90m# com.ECSE429.BDDTest.TodosStepDefinitions.a_status_code_with_response_phrase_is_returned(java.lang.String,java.lang.String)&amp#27;[0m
  &amp#27;[32mAnd &amp#27;[0m&amp#27;[32mthe response body has the error message &amp#27;[0m&amp#27;[32m&amp#27;[1m"Failed Validation: title : can not be empty"&amp#27;[0m &amp#27;[90m# com.ECSE429.BDDTest.TodosStepDefinitions.the_response_body_has_the_error_message(java.lang.String)&amp#27;[0m
  &amp#27;[32mAnd &amp#27;[0m&amp#27;[32mno todo is created&amp#27;[0m                                                                    &amp#27;[90m# com.ECSE429.BDDTest.TodosStepDefinitions.no_todo_is_created()&amp#27;[0m
Shutdown system
]]></system-out>
  </testcase>
  <testcase name="Example #1.1" classname="Examples" time="1.525">
    <system-out><![CDATA[
Scenario Outline: Delete a tasksof relationship between todo and project by id in endpoint (Normal Flow)       &amp#27;[90m# features/DeleteTasksofTodo.feature:18&amp#27;[0m
Setting up environment
  &amp#27;[32mGiven &amp#27;[0m&amp#27;[32mthe service is running&amp#27;[0m                                                                                 &amp#27;[90m# com.ECSE429.BDDTest.TodosStepDefinitions.the_service_is_running()&amp#27;[0m
  &amp#27;[32mGiven &amp#27;[0m&amp#27;[32mthe todo with id &amp#27;[0m&amp#27;[32m&amp#27;[1m"2"&amp#27;[0m&amp#27;[32m exists&amp#27;[0m                                                                            &amp#27;[90m# com.ECSE429.BDDTest.TodosStepDefinitions.the_todo_with_id_exists(java.lang.String)&amp#27;[0m
  &amp#27;[32mAnd &amp#27;[0m&amp#27;[32mthe project with id &amp#27;[0m&amp#27;[32m&amp#27;[1m"1"&amp#27;[0m&amp#27;[32m exists&amp#27;[0m                                                                           &amp#27;[90m# com.ECSE429.BDDTest.TodosStepDefinitions.the_project_with_id_exists(java.lang.String)&amp#27;[0m
  &amp#27;[32mAnd &amp#27;[0m&amp#27;[32mthere is a tasksof relationship between todo with id &amp#27;[0m&amp#27;[32m&amp#27;[1m"2"&amp#27;[0m&amp#27;[32m and project with id &amp#27;[0m&amp#27;[32m&amp#27;[1m"1"&amp#27;[0m                         &amp#27;[90m# com.ECSE429.BDDTest.TodosStepDefinitions.there_is_a_tasksof_relationship_between_todo_with_id_and_project_with_id(java.lang.String,java.lang.String)&amp#27;[0m
  &amp#27;[32mWhen &amp#27;[0m&amp#27;[32mI delete the tasksof relationship between todo with id &amp#27;[0m&amp#27;[32m&amp#27;[1m"2"&amp#27;[0m&amp#27;[32m and project with id &amp#27;[0m&amp#27;[32m&amp#27;[1m"1"&amp#27;[0m&amp#27;[32m using id in endpoint&amp#27;[0m &amp#27;[90m# com.ECSE429.BDDTest.TodosStepDefinitions.i_delete_the_tasksof_relationship_between_todo_with_id_and_project_with_id_using_id_in_endpoint(java.lang.String,java.lang.String)&amp#27;[0m
  &amp#27;[32mThen &amp#27;[0m&amp#27;[32ma status code &amp#27;[0m&amp#27;[32m&amp#27;[1m"200"&amp#27;[0m&amp#27;[32m with response phrase &amp#27;[0m&amp#27;[32m&amp#27;[1m"OK"&amp#27;[0m&amp#27;[32m is returned&amp#27;[0m                                               &amp#27;[90m# com.ECSE429.BDDTest.TodosStepDefinitions.a_status_code_with_response_phrase_is_returned(java.lang.String,java.lang.String)&amp#27;[0m
  &amp#27;[32mAnd &amp#27;[0m&amp#27;[32mthe tasksof relationship between todo with id &amp#27;[0m&amp#27;[32m&amp#27;[1m"2"&amp#27;[0m&amp#27;[32m and project with id &amp#27;[0m&amp#27;[32m&amp#27;[1m"1"&amp#27;[0m&amp#27;[32m is deleted&amp#27;[0m                     &amp#27;[90m# com.ECSE429.BDDTest.TodosStepDefinitions.the_tasksof_relationship_between_todo_with_id_and_project_with_id_is_deleted(java.lang.String,java.lang.String)&amp#27;[0m
Shutdown system
]]></system-out>
  </testcase>
  <testcase name="Example #1.1" classname="Examples" time="1.546">
    <system-out><![CDATA[
Scenario Outline: Delete a tasksof relationship between todo and project using put method (Alternate Flow) &amp#27;[90m# features/DeleteTasksofTodo.feature:30&amp#27;[0m
Setting up environment
  &amp#27;[32mGiven &amp#27;[0m&amp#27;[32mthe service is running&amp#27;[0m                                                                             &amp#27;[90m# com.ECSE429.BDDTest.TodosStepDefinitions.the_service_is_running()&amp#27;[0m
  &amp#27;[32mGiven &amp#27;[0m&amp#27;[32mthe todo with id &amp#27;[0m&amp#27;[32m&amp#27;[1m"2"&amp#27;[0m&amp#27;[32m exists&amp#27;[0m                                                                        &amp#27;[90m# com.ECSE429.BDDTest.TodosStepDefinitions.the_todo_with_id_exists(java.lang.String)&amp#27;[0m
  &amp#27;[32mAnd &amp#27;[0m&amp#27;[32mthe project with id &amp#27;[0m&amp#27;[32m&amp#27;[1m"1"&amp#27;[0m&amp#27;[32m exists&amp#27;[0m                                                                       &amp#27;[90m# com.ECSE429.BDDTest.TodosStepDefinitions.the_project_with_id_exists(java.lang.String)&amp#27;[0m
  &amp#27;[32mAnd &amp#27;[0m&amp#27;[32mthere is a tasksof relationship between todo with id &amp#27;[0m&amp#27;[32m&amp#27;[1m"2"&amp#27;[0m&amp#27;[32m and project with id &amp#27;[0m&amp#27;[32m&amp#27;[1m"1"&amp#27;[0m                     &amp#27;[90m# com.ECSE429.BDDTest.TodosStepDefinitions.there_is_a_tasksof_relationship_between_todo_with_id_and_project_with_id(java.lang.String,java.lang.String)&amp#27;[0m
  &amp#27;[32mWhen &amp#27;[0m&amp#27;[32mI delete the tasksof relationship between todo with id &amp#27;[0m&amp#27;[32m&amp#27;[1m"2"&amp#27;[0m&amp#27;[32m and project with id &amp#27;[0m&amp#27;[32m&amp#27;[1m"1"&amp#27;[0m&amp#27;[32m using put method&amp#27;[0m &amp#27;[90m# com.ECSE429.BDDTest.TodosStepDefinitions.i_delete_the_tasksof_relationship_between_todo_with_id_and_project_with_id_using_put_method(java.lang.String,java.lang.String)&amp#27;[0m
  &amp#27;[32mThen &amp#27;[0m&amp#27;[32ma status code &amp#27;[0m&amp#27;[32m&amp#27;[1m"200"&amp#27;[0m&amp#27;[32m with response phrase &amp#27;[0m&amp#27;[32m&amp#27;[1m"OK"&amp#27;[0m&amp#27;[32m is returned&amp#27;[0m                                           &amp#27;[90m# com.ECSE429.BDDTest.TodosStepDefinitions.a_status_code_with_response_phrase_is_returned(java.lang.String,java.lang.String)&amp#27;[0m
  &amp#27;[32mAnd &amp#27;[0m&amp#27;[32mthe tasksof relationship between todo with id &amp#27;[0m&amp#27;[32m&amp#27;[1m"2"&amp#27;[0m&amp#27;[32m and project with id &amp#27;[0m&amp#27;[32m&amp#27;[1m"1"&amp#27;[0m&amp#27;[32m is deleted&amp#27;[0m                 &amp#27;[90m# com.ECSE429.BDDTest.TodosStepDefinitions.the_tasksof_relationship_between_todo_with_id_and_project_with_id_is_deleted(java.lang.String,java.lang.String)&amp#27;[0m
Shutdown system
]]></system-out>
  </testcase>
  <testcase name="Example #1.1" classname="Examples" time="1.52">
    <system-out><![CDATA[
Scenario Outline: Delete a tasksof relationship between nonexistent todo and project by id in endpoint (Error Flow)                                                                &amp#27;[90m# features/DeleteTasksofTodo.feature:41&amp#27;[0m
Setting up environment
  &amp#27;[32mGiven &amp#27;[0m&amp#27;[32mthe service is running&amp#27;[0m                                                                                                                                                     &amp#27;[90m# com.ECSE429.BDDTest.TodosStepDefinitions.the_service_is_running()&amp#27;[0m
  &amp#27;[32mGiven &amp#27;[0m&amp#27;[32mthe todo with id &amp#27;[0m&amp#27;[32m&amp#27;[1m"0"&amp#27;[0m&amp#27;[32m does not exist&amp#27;[0m                                                                                                                                        &amp#27;[90m# com.ECSE429.BDDTest.TodosStepDefinitions.the_todo_with_id_does_not_exist(java.lang.String)&amp#27;[0m
  &amp#27;[32mAnd &amp#27;[0m&amp#27;[32mthe project with id &amp#27;[0m&amp#27;[32m&amp#27;[1m"1"&amp#27;[0m&amp#27;[32m exists&amp#27;[0m                                                                                                                                               &amp#27;[90m# com.ECSE429.BDDTest.TodosStepDefinitions.the_project_with_id_exists(java.lang.String)&amp#27;[0m
  &amp#27;[32mWhen &amp#27;[0m&amp#27;[32mI delete the nonexistent tasksof relationship between todo with id &amp#27;[0m&amp#27;[32m&amp#27;[1m"0"&amp#27;[0m&amp#27;[32m and project with id &amp#27;[0m&amp#27;[32m&amp#27;[1m"1"&amp#27;[0m&amp#27;[32m using id in endpoint&amp#27;[0m                                                         &amp#27;[90m# com.ECSE429.BDDTest.TodosStepDefinitions.i_delete_the_nonexistent_tasksof_relationship_between_todo_with_id_and_project_with_id_using_id_in_endpoint(java.lang.String,java.lang.String)&amp#27;[0m
  &amp#27;[32mThen &amp#27;[0m&amp#27;[32ma status code &amp#27;[0m&amp#27;[32m&amp#27;[1m"400"&amp#27;[0m&amp#27;[32m with response phrase &amp#27;[0m&amp#27;[32m&amp#27;[1m"Bad Request"&amp#27;[0m&amp#27;[32m is returned&amp#27;[0m                                                                                                          &amp#27;[90m# com.ECSE429.BDDTest.TodosStepDefinitions.a_status_code_with_response_phrase_is_returned(java.lang.String,java.lang.String)&amp#27;[0m
  &amp#27;[32mAnd &amp#27;[0m&amp#27;[32mthe response body has the error message &amp#27;[0m&amp#27;[32m&amp#27;[1m"Cannot invoke \"uk.co.compendiumdev.thingifier.core.domain.instances.ThingInstance.getRelationships()\" because \"parent\" is null"&amp#27;[0m &amp#27;[90m# com.ECSE429.BDDTest.TodosStepDefinitions.the_response_body_has_the_error_message(java.lang.String)&amp#27;[0m
Shutdown system
]]></system-out>
  </testcase>
  <testcase name="Example #1.1" classname="Examples" time="1.541">
    <system-out><![CDATA[
Scenario Outline: Delete a tasksof relationship between todo and nonexistent project by id in endpoint (Error Flow)          &amp#27;[90m# features/DeleteTasksofTodo.feature:52&amp#27;[0m
Setting up environment
  &amp#27;[32mGiven &amp#27;[0m&amp#27;[32mthe service is running&amp#27;[0m                                                                                               &amp#27;[90m# com.ECSE429.BDDTest.TodosStepDefinitions.the_service_is_running()&amp#27;[0m
  &amp#27;[32mGiven &amp#27;[0m&amp#27;[32mthe todo with id &amp#27;[0m&amp#27;[32m&amp#27;[1m"1"&amp#27;[0m&amp#27;[32m exists&amp#27;[0m                                                                                          &amp#27;[90m# com.ECSE429.BDDTest.TodosStepDefinitions.the_todo_with_id_exists(java.lang.String)&amp#27;[0m
  &amp#27;[32mAnd &amp#27;[0m&amp#27;[32mthe project with id &amp#27;[0m&amp#27;[32m&amp#27;[1m"100"&amp#27;[0m&amp#27;[32m does not exist&amp#27;[0m                                                                               &amp#27;[90m# com.ECSE429.BDDTest.TodosStepDefinitions.the_project_with_id_does_not_exist(java.lang.String)&amp#27;[0m
  &amp#27;[32mWhen &amp#27;[0m&amp#27;[32mI delete the nonexistent tasksof relationship between todo with id &amp#27;[0m&amp#27;[32m&amp#27;[1m"1"&amp#27;[0m&amp#27;[32m and project with id &amp#27;[0m&amp#27;[32m&amp#27;[1m"100"&amp#27;[0m&amp#27;[32m using id in endpoint&amp#27;[0m &amp#27;[90m# com.ECSE429.BDDTest.TodosStepDefinitions.i_delete_the_nonexistent_tasksof_relationship_between_todo_with_id_and_project_with_id_using_id_in_endpoint(java.lang.String,java.lang.String)&amp#27;[0m
  &amp#27;[32mThen &amp#27;[0m&amp#27;[32ma status code &amp#27;[0m&amp#27;[32m&amp#27;[1m"404"&amp#27;[0m&amp#27;[32m with response phrase &amp#27;[0m&amp#27;[32m&amp#27;[1m"Not Found"&amp#27;[0m&amp#27;[32m is returned&amp#27;[0m                                                      &amp#27;[90m# com.ECSE429.BDDTest.TodosStepDefinitions.a_status_code_with_response_phrase_is_returned(java.lang.String,java.lang.String)&amp#27;[0m
  &amp#27;[32mAnd &amp#27;[0m&amp#27;[32mthe response body has the error message &amp#27;[0m&amp#27;[32m&amp#27;[1m"Could not find any instances with todos/1/tasksof/100"&amp#27;[0m                        &amp#27;[90m# com.ECSE429.BDDTest.TodosStepDefinitions.the_response_body_has_the_error_message(java.lang.String)&amp#27;[0m
Shutdown system
]]></system-out>
  </testcase>
  <testcase name="Example #1.1" classname="Examples" time="1.533">
    <system-out><![CDATA[
Scenario Outline: Get a todo by id in endpoint (Normal Flow)     &amp#27;[90m# features/GetTodoById.feature:15&amp#27;[0m
Setting up environment
  &amp#27;[32mGiven &amp#27;[0m&amp#27;[32mthe service is running&amp#27;[0m                                   &amp#27;[90m# com.ECSE429.BDDTest.TodosStepDefinitions.the_service_is_running()&amp#27;[0m
  &amp#27;[32mGiven &amp#27;[0m&amp#27;[32mthe todo with id &amp#27;[0m&amp#27;[32m&amp#27;[1m"1"&amp#27;[0m&amp#27;[32m exists&amp#27;[0m                              &amp#27;[90m# com.ECSE429.BDDTest.TodosStepDefinitions.the_todo_with_id_exists(java.lang.String)&amp#27;[0m
  &amp#27;[32mWhen &amp#27;[0m&amp#27;[32mI get the todo with id &amp#27;[0m&amp#27;[32m&amp#27;[1m"1"&amp#27;[0m                                &amp#27;[90m# com.ECSE429.BDDTest.TodosStepDefinitions.i_get_the_todo_with_id(java.lang.String)&amp#27;[0m
  &amp#27;[32mThen &amp#27;[0m&amp#27;[32ma status code &amp#27;[0m&amp#27;[32m&amp#27;[1m"200"&amp#27;[0m&amp#27;[32m with response phrase &amp#27;[0m&amp#27;[32m&amp#27;[1m"OK"&amp#27;[0m&amp#27;[32m is returned&amp#27;[0m &amp#27;[90m# com.ECSE429.BDDTest.TodosStepDefinitions.a_status_code_with_response_phrase_is_returned(java.lang.String,java.lang.String)&amp#27;[0m
  &amp#27;[32mAnd &amp#27;[0m&amp#27;[32mI should see a response of one todo with id &amp#27;[0m&amp#27;[32m&amp#27;[1m"1"&amp#27;[0m            &amp#27;[90m# com.ECSE429.BDDTest.TodosStepDefinitions.i_should_see_a_response_of_one_todo_with_id(java.lang.String)&amp#27;[0m
Shutdown system
]]></system-out>
  </testcase>
  <testcase name="Example #1.1" classname="Examples" time="1.51">
    <system-out><![CDATA[
Scenario Outline: Get a todo by filtering endpoint with id (Alternate Flow) &amp#27;[90m# features/GetTodoById.feature:25&amp#27;[0m
Setting up environment
  &amp#27;[32mGiven &amp#27;[0m&amp#27;[32mthe service is running&amp#27;[0m                                              &amp#27;[90m# com.ECSE429.BDDTest.TodosStepDefinitions.the_service_is_running()&amp#27;[0m
  &amp#27;[32mGiven &amp#27;[0m&amp#27;[32mthe todo with id &amp#27;[0m&amp#27;[32m&amp#27;[1m"1"&amp#27;[0m&amp#27;[32m exists&amp#27;[0m                                         &amp#27;[90m# com.ECSE429.BDDTest.TodosStepDefinitions.the_todo_with_id_exists(java.lang.String)&amp#27;[0m
  &amp#27;[32mWhen &amp#27;[0m&amp#27;[32mI filter the endpoint to get the todo with id &amp#27;[0m&amp#27;[32m&amp#27;[1m"1"&amp#27;[0m                    &amp#27;[90m# com.ECSE429.BDDTest.TodosStepDefinitions.i_filter_the_endpoint_to_get_the_todo_with_id(java.lang.String)&amp#27;[0m
  &amp#27;[32mThen &amp#27;[0m&amp#27;[32ma status code &amp#27;[0m&amp#27;[32m&amp#27;[1m"200"&amp#27;[0m&amp#27;[32m with response phrase &amp#27;[0m&amp#27;[32m&amp#27;[1m"OK"&amp#27;[0m&amp#27;[32m is returned&amp#27;[0m            &amp#27;[90m# com.ECSE429.BDDTest.TodosStepDefinitions.a_status_code_with_response_phrase_is_returned(java.lang.String,java.lang.String)&amp#27;[0m
  &amp#27;[32mAnd &amp#27;[0m&amp#27;[32mI should see a response of one todo with id &amp#27;[0m&amp#27;[32m&amp#27;[1m"1"&amp#27;[0m                       &amp#27;[90m# com.ECSE429.BDDTest.TodosStepDefinitions.i_should_see_a_response_of_one_todo_with_id(java.lang.String)&amp#27;[0m
Shutdown system
]]></system-out>
  </testcase>
  <testcase name="Example #1.1" classname="Examples" time="1.542">
    <system-out><![CDATA[
Scenario Outline: Get a nonexistent todo (Error Flow)                                   &amp#27;[90m# features/GetTodoById.feature:36&amp#27;[0m
Setting up environment
  &amp#27;[32mGiven &amp#27;[0m&amp#27;[32mthe service is running&amp#27;[0m                                                          &amp#27;[90m# com.ECSE429.BDDTest.TodosStepDefinitions.the_service_is_running()&amp#27;[0m
  &amp#27;[32mGiven &amp#27;[0m&amp#27;[32mthe todo with id &amp#27;[0m&amp#27;[32m&amp#27;[1m"0"&amp#27;[0m&amp#27;[32m does not exist&amp#27;[0m                                             &amp#27;[90m# com.ECSE429.BDDTest.TodosStepDefinitions.the_todo_with_id_does_not_exist(java.lang.String)&amp#27;[0m
  &amp#27;[32mWhen &amp#27;[0m&amp#27;[32mI get the todo with id &amp#27;[0m&amp#27;[32m&amp#27;[1m"0"&amp#27;[0m                                                       &amp#27;[90m# com.ECSE429.BDDTest.TodosStepDefinitions.i_get_the_todo_with_id(java.lang.String)&amp#27;[0m
  &amp#27;[32mThen &amp#27;[0m&amp#27;[32ma status code &amp#27;[0m&amp#27;[32m&amp#27;[1m"404"&amp#27;[0m&amp#27;[32m with response phrase &amp#27;[0m&amp#27;[32m&amp#27;[1m"Not Found"&amp#27;[0m&amp#27;[32m is returned&amp#27;[0m                 &amp#27;[90m# com.ECSE429.BDDTest.TodosStepDefinitions.a_status_code_with_response_phrase_is_returned(java.lang.String,java.lang.String)&amp#27;[0m
  &amp#27;[32mAnd &amp#27;[0m&amp#27;[32mthe response body has the error message &amp#27;[0m&amp#27;[32m&amp#27;[1m"Could not find an instance with todos/0"&amp#27;[0m &amp#27;[90m# com.ECSE429.BDDTest.TodosStepDefinitions.the_response_body_has_the_error_message(java.lang.String)&amp#27;[0m
  &amp#27;[32mAnd &amp#27;[0m&amp#27;[32mno todo is returned&amp#27;[0m                                                               &amp#27;[90m# com.ECSE429.BDDTest.TodosStepDefinitions.no_todo_is_returned()&amp#27;[0m
Shutdown system
]]></system-out>
  </testcase>
  <testcase name="Example #1.1" classname="Examples" time="1.525">
    <system-out><![CDATA[
Scenario Outline: Create a categories relationship between todo and category instance by id in endpoint (Normal Flow) &amp#27;[90m# features/PostTodoCategory.feature:18&amp#27;[0m
Setting up environment
  &amp#27;[32mGiven &amp#27;[0m&amp#27;[32mthe service is running&amp#27;[0m                                                                                        &amp#27;[90m# com.ECSE429.BDDTest.TodosStepDefinitions.the_service_is_running()&amp#27;[0m
  &amp#27;[32mGiven &amp#27;[0m&amp#27;[32mthe todo with id &amp#27;[0m&amp#27;[32m&amp#27;[1m"2"&amp#27;[0m&amp#27;[32m exists&amp#27;[0m                                                                                   &amp#27;[90m# com.ECSE429.BDDTest.TodosStepDefinitions.the_todo_with_id_exists(java.lang.String)&amp#27;[0m
  &amp#27;[32mAnd &amp#27;[0m&amp#27;[32mthe category with id &amp#27;[0m&amp#27;[32m&amp#27;[1m"1"&amp#27;[0m&amp#27;[32m exists&amp#27;[0m                                                                                 &amp#27;[90m# com.ECSE429.BDDTest.TodosStepDefinitions.the_category_with_id_exists(java.lang.String)&amp#27;[0m
  &amp#27;[32mAnd &amp#27;[0m&amp#27;[32mthere are no relationship between todo with id &amp#27;[0m&amp#27;[32m&amp#27;[1m"2"&amp#27;[0m&amp#27;[32m and category with id &amp#27;[0m&amp#27;[32m&amp#27;[1m"1"&amp#27;[0m                                     &amp#27;[90m# com.ECSE429.BDDTest.TodosStepDefinitions.there_are_no_relationship_between_todo_with_id_and_category_with_id(java.lang.String,java.lang.String)&amp#27;[0m
{"id":"1"}
  &amp#27;[32mWhen &amp#27;[0m&amp#27;[32mI add a relationship between todo with id &amp#27;[0m&amp#27;[32m&amp#27;[1m"2"&amp#27;[0m&amp#27;[32m and category with id &amp#27;[0m&amp#27;[32m&amp#27;[1m"1"&amp#27;[0m&amp#27;[32m using id in endpoint&amp#27;[0m                    &amp#27;[90m# com.ECSE429.BDDTest.TodosStepDefinitions.i_add_a_relationship_between_todo_with_id_and_category_with_id_using_id_in_endpoint(java.lang.String,java.lang.String)&amp#27;[0m
  &amp#27;[32mThen &amp#27;[0m&amp#27;[32ma status code &amp#27;[0m&amp#27;[32m&amp#27;[1m"201"&amp#27;[0m&amp#27;[32m with response phrase &amp#27;[0m&amp#27;[32m&amp#27;[1m"Created"&amp#27;[0m&amp#27;[32m is returned&amp#27;[0m                                                 &amp#27;[90m# com.ECSE429.BDDTest.TodosStepDefinitions.a_status_code_with_response_phrase_is_returned(java.lang.String,java.lang.String)&amp#27;[0m
  &amp#27;[32mAnd &amp#27;[0m&amp#27;[32ma new categories relationship is created between todo with id &amp#27;[0m&amp#27;[32m&amp#27;[1m"2"&amp#27;[0m&amp#27;[32m and category with id &amp#27;[0m&amp#27;[32m&amp#27;[1m"1"&amp#27;[0m                      &amp#27;[90m# com.ECSE429.BDDTest.TodosStepDefinitions.a_new_categories_relationship_is_created_between_todo_with_id_and_category_with_id(java.lang.String,java.lang.String)&amp#27;[0m
Shutdown system
]]></system-out>
  </testcase>
  <testcase name="Example #1.1" classname="Examples" time="1.52">
    <system-out><![CDATA[
Scenario Outline: Create a categories relationship between todo and category instance using put method (Normal Flow) &amp#27;[90m# features/PostTodoCategory.feature:29&amp#27;[0m
Setting up environment
  &amp#27;[32mGiven &amp#27;[0m&amp#27;[32mthe service is running&amp#27;[0m                                                                                       &amp#27;[90m# com.ECSE429.BDDTest.TodosStepDefinitions.the_service_is_running()&amp#27;[0m
  &amp#27;[32mGiven &amp#27;[0m&amp#27;[32mthe todo with id &amp#27;[0m&amp#27;[32m&amp#27;[1m"2"&amp#27;[0m&amp#27;[32m exists&amp#27;[0m                                                                                  &amp#27;[90m# com.ECSE429.BDDTest.TodosStepDefinitions.the_todo_with_id_exists(java.lang.String)&amp#27;[0m
  &amp#27;[32mAnd &amp#27;[0m&amp#27;[32mthe category with id &amp#27;[0m&amp#27;[32m&amp#27;[1m"1"&amp#27;[0m&amp#27;[32m exists&amp#27;[0m                                                                                &amp#27;[90m# com.ECSE429.BDDTest.TodosStepDefinitions.the_category_with_id_exists(java.lang.String)&amp#27;[0m
  &amp#27;[32mAnd &amp#27;[0m&amp#27;[32mthere are no relationship between todo with id &amp#27;[0m&amp#27;[32m&amp#27;[1m"2"&amp#27;[0m&amp#27;[32m and category with id &amp#27;[0m&amp#27;[32m&amp#27;[1m"1"&amp#27;[0m                                    &amp#27;[90m# com.ECSE429.BDDTest.TodosStepDefinitions.there_are_no_relationship_between_todo_with_id_and_category_with_id(java.lang.String,java.lang.String)&amp#27;[0m
  &amp#27;[32mWhen &amp#27;[0m&amp#27;[32mI add a relationship between todo with id &amp#27;[0m&amp#27;[32m&amp#27;[1m"2"&amp#27;[0m&amp#27;[32m and category with id &amp#27;[0m&amp#27;[32m&amp#27;[1m"1"&amp#27;[0m&amp#27;[32m using put method&amp#27;[0m                       &amp#27;[90m# com.ECSE429.BDDTest.TodosStepDefinitions.i_add_a_relationship_between_todo_with_id_and_category_with_id_using_put_method(java.lang.String,java.lang.String)&amp#27;[0m
  &amp#27;[32mThen &amp#27;[0m&amp#27;[32ma status code &amp#27;[0m&amp#27;[32m&amp#27;[1m"200"&amp#27;[0m&amp#27;[32m with response phrase &amp#27;[0m&amp#27;[32m&amp#27;[1m"OK"&amp#27;[0m&amp#27;[32m is returned&amp#27;[0m                                                     &amp#27;[90m# com.ECSE429.BDDTest.TodosStepDefinitions.a_status_code_with_response_phrase_is_returned(java.lang.String,java.lang.String)&amp#27;[0m
  &amp#27;[32mAnd &amp#27;[0m&amp#27;[32ma new categories relationship is created between todo with id &amp#27;[0m&amp#27;[32m&amp#27;[1m"2"&amp#27;[0m&amp#27;[32m and category with id &amp#27;[0m&amp#27;[32m&amp#27;[1m"1"&amp#27;[0m                     &amp#27;[90m# com.ECSE429.BDDTest.TodosStepDefinitions.a_new_categories_relationship_is_created_between_todo_with_id_and_category_with_id(java.lang.String,java.lang.String)&amp#27;[0m
Shutdown system
]]></system-out>
  </testcase>
  <testcase name="Example #1.1" classname="Examples" time="1.57">
    <system-out><![CDATA[
Scenario Outline: Create a relationship between nonexistent todo and category (Error Flow)                      &amp#27;[90m# features/PostTodoCategory.feature:39&amp#27;[0m
Setting up environment
  &amp#27;[32mGiven &amp#27;[0m&amp#27;[32mthe service is running&amp#27;[0m                                                                                  &amp#27;[90m# com.ECSE429.BDDTest.TodosStepDefinitions.the_service_is_running()&amp#27;[0m
  &amp#27;[32mGiven &amp#27;[0m&amp#27;[32mthe todo with id &amp#27;[0m&amp#27;[32m&amp#27;[1m"0"&amp#27;[0m&amp#27;[32m does not exist&amp#27;[0m                                                                     &amp#27;[90m# com.ECSE429.BDDTest.TodosStepDefinitions.the_todo_with_id_does_not_exist(java.lang.String)&amp#27;[0m
  &amp#27;[32mAnd &amp#27;[0m&amp#27;[32mthe category with id &amp#27;[0m&amp#27;[32m&amp#27;[1m"1"&amp#27;[0m&amp#27;[32m exists&amp#27;[0m                                                                           &amp#27;[90m# com.ECSE429.BDDTest.TodosStepDefinitions.the_category_with_id_exists(java.lang.String)&amp#27;[0m
{"id":"1"}
  &amp#27;[32mWhen &amp#27;[0m&amp#27;[32mI add a relationship between todo with id &amp#27;[0m&amp#27;[32m&amp#27;[1m"0"&amp#27;[0m&amp#27;[32m and nonexistent category with id &amp#27;[0m&amp#27;[32m&amp#27;[1m"1"&amp#27;[0m&amp#27;[32m using id in endpoint&amp#27;[0m  &amp#27;[90m# com.ECSE429.BDDTest.TodosStepDefinitions.i_add_a_relationship_between_todo_with_id_and_nonexistent_category_with_id_using_id_in_endpoint(java.lang.String,java.lang.String)&amp#27;[0m
  &amp#27;[32mThen &amp#27;[0m&amp#27;[32ma status code &amp#27;[0m&amp#27;[32m&amp#27;[1m"404"&amp#27;[0m&amp#27;[32m with response phrase &amp#27;[0m&amp#27;[32m&amp#27;[1m"Not Found"&amp#27;[0m&amp#27;[32m is returned&amp#27;[0m                                         &amp#27;[90m# com.ECSE429.BDDTest.TodosStepDefinitions.a_status_code_with_response_phrase_is_returned(java.lang.String,java.lang.String)&amp#27;[0m
  &amp#27;[32mAnd &amp#27;[0m&amp#27;[32mthe response body has the error message &amp#27;[0m&amp#27;[32m&amp#27;[1m"Could not find parent thing for relationship todos/0/categories"&amp#27;[0m &amp#27;[90m# com.ECSE429.BDDTest.TodosStepDefinitions.the_response_body_has_the_error_message(java.lang.String)&amp#27;[0m
Shutdown system
]]></system-out>
  </testcase>
  <testcase name="Example #1.1" classname="Examples" time="1.517">
    <system-out><![CDATA[
Scenario Outline: View todo categories relationships between todo and categories using endpoint todos/:id/categories (Normal Flow) &amp#27;[90m# features/ViewTodoCategories.feature:16&amp#27;[0m
Setting up environment
  &amp#27;[32mGiven &amp#27;[0m&amp#27;[32mthe service is running&amp#27;[0m                                                                                                     &amp#27;[90m# com.ECSE429.BDDTest.TodosStepDefinitions.the_service_is_running()&amp#27;[0m
  &amp#27;[32mGiven &amp#27;[0m&amp#27;[32mthe todo with id &amp#27;[0m&amp#27;[32m&amp#27;[1m"1"&amp#27;[0m&amp#27;[32m exists&amp#27;[0m                                                                                                &amp#27;[90m# com.ECSE429.BDDTest.TodosStepDefinitions.the_todo_with_id_exists(java.lang.String)&amp#27;[0m
  &amp#27;[32mWhen &amp#27;[0m&amp#27;[32mI get the todo's categories with id &amp#27;[0m&amp#27;[32m&amp#27;[1m"1"&amp#27;[0m&amp#27;[32m using categories endpoint&amp#27;[0m                                                           &amp#27;[90m# com.ECSE429.BDDTest.TodosStepDefinitions.i_get_the_todo_s_categories_with_id_using_categories_endpoint(java.lang.String)&amp#27;[0m
  &amp#27;[32mThen &amp#27;[0m&amp#27;[32ma status code &amp#27;[0m&amp#27;[32m&amp#27;[1m"200"&amp#27;[0m&amp#27;[32m with response phrase &amp#27;[0m&amp#27;[32m&amp#27;[1m"OK"&amp#27;[0m&amp#27;[32m is returned&amp#27;[0m                                                                   &amp#27;[90m# com.ECSE429.BDDTest.TodosStepDefinitions.a_status_code_with_response_phrase_is_returned(java.lang.String,java.lang.String)&amp#27;[0m
  &amp#27;[32mAnd &amp#27;[0m&amp#27;[32mI should see all the todo related categories with ids &amp#27;[0m&amp#27;[32m&amp#27;[1m"1"&amp#27;[0m                                                                    &amp#27;[90m# com.ECSE429.BDDTest.TodosStepDefinitions.i_should_see_all_the_todo_related_categories_with_ids(java.lang.String)&amp#27;[0m
Shutdown system
]]></system-out>
  </testcase>
  <testcase name="Example #1.1" classname="Examples" time="1.508">
    <system-out><![CDATA[
Scenario Outline: View todo categories relationships between todo and categories using todo endpoint todos/:id (Alternate Flow) &amp#27;[90m# features/ViewTodoCategories.feature:25&amp#27;[0m
Setting up environment
  &amp#27;[32mGiven &amp#27;[0m&amp#27;[32mthe service is running&amp#27;[0m                                                                                                  &amp#27;[90m# com.ECSE429.BDDTest.TodosStepDefinitions.the_service_is_running()&amp#27;[0m
  &amp#27;[32mGiven &amp#27;[0m&amp#27;[32mthe todo with id &amp#27;[0m&amp#27;[32m&amp#27;[1m"1"&amp#27;[0m&amp#27;[32m exists&amp#27;[0m                                                                                             &amp#27;[90m# com.ECSE429.BDDTest.TodosStepDefinitions.the_todo_with_id_exists(java.lang.String)&amp#27;[0m
{"todos":[{"doneStatus":"false","description":"","tasksof":[{"id":"1"}],"id":"1","categories":[{"id":"1"}],"title":"scan paperwork"}]}
  &amp#27;[32mWhen &amp#27;[0m&amp#27;[32mI get the todo's categories with id &amp#27;[0m&amp#27;[32m&amp#27;[1m"1"&amp#27;[0m&amp#27;[32m using todo endpoint&amp#27;[0m                                                              &amp#27;[90m# com.ECSE429.BDDTest.TodosStepDefinitions.i_get_the_todo_s_categories_with_id_through_todo_categories_field(java.lang.String)&amp#27;[0m
  &amp#27;[32mThen &amp#27;[0m&amp#27;[32ma status code &amp#27;[0m&amp#27;[32m&amp#27;[1m"200"&amp#27;[0m&amp#27;[32m with response phrase &amp#27;[0m&amp#27;[32m&amp#27;[1m"OK"&amp#27;[0m&amp#27;[32m is returned&amp#27;[0m                                                                &amp#27;[90m# com.ECSE429.BDDTest.TodosStepDefinitions.a_status_code_with_response_phrase_is_returned(java.lang.String,java.lang.String)&amp#27;[0m
  &amp#27;[32mAnd &amp#27;[0m&amp#27;[32mI should see all the todo related categories with ids &amp#27;[0m&amp#27;[32m&amp#27;[1m"1"&amp#27;[0m                                                                 &amp#27;[90m# com.ECSE429.BDDTest.TodosStepDefinitions.i_should_see_all_the_todo_related_categories_with_ids(java.lang.String)&amp#27;[0m
Shutdown system
]]></system-out>
  </testcase>
  <testcase name="Example #1.1" classname="Examples" time="1.494">
    <failure message="expected: &lt;Bad Request&gt; but was: &lt;OK&gt;" type="org.opentest4j.AssertionFailedError"><![CDATA[org.opentest4j.AssertionFailedError: expected: <Bad Request> but was: <OK>
	at org.junit.jupiter.api.AssertionFailureBuilder.build(AssertionFailureBuilder.java:151)
	at org.junit.jupiter.api.AssertionFailureBuilder.buildAndThrow(AssertionFailureBuilder.java:132)
	at org.junit.jupiter.api.AssertEquals.failNotEqual(AssertEquals.java:197)
	at org.junit.jupiter.api.AssertEquals.assertEquals(AssertEquals.java:182)
	at org.junit.jupiter.api.AssertEquals.assertEquals(AssertEquals.java:177)
	at org.junit.jupiter.api.Assertions.assertEquals(Assertions.java:1142)
	at com.ECSE429.BDDTest.TodosStepDefinitions.a_status_code_with_response_phrase_is_returned(TodosStepDefinitions.java:641)
	at ✽.a status code "400" with response phrase "Bad Request" is returned(classpath:features/ViewTodoCategories.feature:31)
]]></failure>
    <system-out><![CDATA[
Scenario Outline: View the todo categories relationship between nonexistent todo and categories using endpoint todos/:id/categories (Error Flow)                                   &amp#27;[90m# features/ViewTodoCategories.feature:35&amp#27;[0m
Setting up environment
  &amp#27;[32mGiven &amp#27;[0m&amp#27;[32mthe service is running&amp#27;[0m                                                                                                                                                     &amp#27;[90m# com.ECSE429.BDDTest.TodosStepDefinitions.the_service_is_running()&amp#27;[0m
  &amp#27;[32mGiven &amp#27;[0m&amp#27;[32mthe todo with id &amp#27;[0m&amp#27;[32m&amp#27;[1m"0"&amp#27;[0m&amp#27;[32m does not exist&amp#27;[0m                                                                                                                                        &amp#27;[90m# com.ECSE429.BDDTest.TodosStepDefinitions.the_todo_with_id_does_not_exist(java.lang.String)&amp#27;[0m
  &amp#27;[32mWhen &amp#27;[0m&amp#27;[32mI get the todo's categories with id &amp#27;[0m&amp#27;[32m&amp#27;[1m"0"&amp#27;[0m&amp#27;[32m using categories endpoint&amp#27;[0m                                                                                                           &amp#27;[90m# com.ECSE429.BDDTest.TodosStepDefinitions.i_get_the_todo_s_categories_with_id_using_categories_endpoint(java.lang.String)&amp#27;[0m
  &amp#27;[31mThen &amp#27;[0m&amp#27;[31ma status code &amp#27;[0m&amp#27;[31m&amp#27;[1m"400"&amp#27;[0m&amp#27;[31m with response phrase &amp#27;[0m&amp#27;[31m&amp#27;[1m"Bad Request"&amp#27;[0m&amp#27;[31m is returned&amp#27;[0m                                                                                                          &amp#27;[90m# com.ECSE429.BDDTest.TodosStepDefinitions.a_status_code_with_response_phrase_is_returned(java.lang.String,java.lang.String)&amp#27;[0m
      &amp#27;[31morg.opentest4j.AssertionFailedError: expected: <Bad Request> but was: <OK>
	at org.junit.jupiter.api.AssertionFailureBuilder.build(AssertionFailureBuilder.java:151)
	at org.junit.jupiter.api.AssertionFailureBuilder.buildAndThrow(AssertionFailureBuilder.java:132)
	at org.junit.jupiter.api.AssertEquals.failNotEqual(AssertEquals.java:197)
	at org.junit.jupiter.api.AssertEquals.assertEquals(AssertEquals.java:182)
	at org.junit.jupiter.api.AssertEquals.assertEquals(AssertEquals.java:177)
	at org.junit.jupiter.api.Assertions.assertEquals(Assertions.java:1142)
	at com.ECSE429.BDDTest.TodosStepDefinitions.a_status_code_with_response_phrase_is_returned(TodosStepDefinitions.java:641)
	at ✽.a status code "400" with response phrase "Bad Request" is returned(classpath:features/ViewTodoCategories.feature:31)
&amp#27;[0m
  &amp#27;[36mAnd &amp#27;[0m&amp#27;[36mthe response body has the error message &amp#27;[0m&amp#27;[36m&amp#27;[1m"Cannot invoke \"uk.co.compendiumdev.thingifier.core.domain.instances.ThingInstance.getRelationships()\" because \"parent\" is null"&amp#27;[0m &amp#27;[90m# com.ECSE429.BDDTest.TodosStepDefinitions.the_response_body_has_the_error_message(java.lang.String)&amp#27;[0m
Shutdown system
]]></system-out>
  </testcase>
  <testcase name="Example #1.2" classname="Examples" time="1.572">
    <system-out><![CDATA[
Scenario Outline: Create a new todo with title, description and doneStatus (Normal Flow)                                             &amp#27;[90m# features/AddTodo.feature:15&amp#27;[0m
Setting up environment
  &amp#27;[32mGiven &amp#27;[0m&amp#27;[32mthe service is running&amp#27;[0m                                                                                                       &amp#27;[90m# com.ECSE429.BDDTest.TodosStepDefinitions.the_service_is_running()&amp#27;[0m
  &amp#27;[32mWhen &amp#27;[0m&amp#27;[32mI add a new todo with title &amp#27;[0m&amp#27;[32m&amp#27;[1m"Complete quiz 3"&amp#27;[0m&amp#27;[32m, description &amp#27;[0m&amp#27;[32m&amp#27;[1m"For FACC400"&amp#27;[0m&amp#27;[32m and doneStatus &amp#27;[0m&amp#27;[32m&amp#27;[1m"true"&amp#27;[0m                                &amp#27;[90m# com.ECSE429.BDDTest.TodosStepDefinitions.i_add_a_new_todo_with_title_description_and_done_status(java.lang.String,java.lang.String,java.lang.String)&amp#27;[0m
  &amp#27;[32mThen &amp#27;[0m&amp#27;[32ma status code &amp#27;[0m&amp#27;[32m&amp#27;[1m"201"&amp#27;[0m&amp#27;[32m with response phrase &amp#27;[0m&amp#27;[32m&amp#27;[1m"Created"&amp#27;[0m&amp#27;[32m is returned&amp#27;[0m                                                                &amp#27;[90m# com.ECSE429.BDDTest.TodosStepDefinitions.a_status_code_with_response_phrase_is_returned(java.lang.String,java.lang.String)&amp#27;[0m
  &amp#27;[32mAnd &amp#27;[0m&amp#27;[32mI should see one new todo with title &amp#27;[0m&amp#27;[32m&amp#27;[1m"Complete quiz 3"&amp#27;[0m&amp#27;[32m, description &amp#27;[0m&amp#27;[32m&amp#27;[1m"For FACC400"&amp#27;[0m&amp#27;[32m and doneStatus &amp#27;[0m&amp#27;[32m&amp#27;[1m"true"&amp#27;[0m&amp#27;[32m within the application&amp#27;[0m &amp#27;[90m# com.ECSE429.BDDTest.TodosStepDefinitions.i_should_see_one_new_todo_with_title_description_and_done_status_within_the_application(java.lang.String,java.lang.String,java.lang.String)&amp#27;[0m
Shutdown system
]]></system-out>
  </testcase>
  <testcase name="Example #1.2" classname="Examples" time="1.538">
    <system-out><![CDATA[
Scenario Outline: Create a new todo with title only (Alternate Flow)                                                       &amp#27;[90m# features/AddTodo.feature:25&amp#27;[0m
Setting up environment
  &amp#27;[32mGiven &amp#27;[0m&amp#27;[32mthe service is running&amp#27;[0m                                                                                             &amp#27;[90m# com.ECSE429.BDDTest.TodosStepDefinitions.the_service_is_running()&amp#27;[0m
  &amp#27;[32mWhen &amp#27;[0m&amp#27;[32mI add a new todo with title &amp#27;[0m&amp#27;[32m&amp#27;[1m"Complete quiz 3"&amp#27;[0m                                                                       &amp#27;[90m# com.ECSE429.BDDTest.TodosStepDefinitions.i_add_a_new_todo_with_title(java.lang.String)&amp#27;[0m
  &amp#27;[32mThen &amp#27;[0m&amp#27;[32ma status code &amp#27;[0m&amp#27;[32m&amp#27;[1m"201"&amp#27;[0m&amp#27;[32m with response phrase &amp#27;[0m&amp#27;[32m&amp#27;[1m"Created"&amp#27;[0m&amp#27;[32m is returned&amp#27;[0m                                                      &amp#27;[90m# com.ECSE429.BDDTest.TodosStepDefinitions.a_status_code_with_response_phrase_is_returned(java.lang.String,java.lang.String)&amp#27;[0m
  &amp#27;[32mAnd &amp#27;[0m&amp#27;[32mI should see one new todo with title &amp#27;[0m&amp#27;[32m&amp#27;[1m"Complete quiz 3"&amp#27;[0m&amp#27;[32m, description &amp#27;[0m&amp#27;[32m&amp#27;[1m""&amp#27;[0m&amp#27;[32m and doneStatus &amp#27;[0m&amp#27;[32m&amp#27;[1m"false"&amp#27;[0m&amp#27;[32m within the application&amp#27;[0m &amp#27;[90m# com.ECSE429.BDDTest.TodosStepDefinitions.i_should_see_one_new_todo_with_title_description_and_done_status_within_the_application(java.lang.String,java.lang.String,java.lang.String)&amp#27;[0m
Shutdown system
]]></system-out>
  </testcase>
  <testcase name="Example #1.2" classname="Examples" time="1.541">
    <system-out><![CDATA[
Scenario Outline: Delete a tasksof relationship between todo and project by id in endpoint (Normal Flow)       &amp#27;[90m# features/DeleteTasksofTodo.feature:19&amp#27;[0m
Setting up environment
  &amp#27;[32mGiven &amp#27;[0m&amp#27;[32mthe service is running&amp#27;[0m                                                                                 &amp#27;[90m# com.ECSE429.BDDTest.TodosStepDefinitions.the_service_is_running()&amp#27;[0m
  &amp#27;[32mGiven &amp#27;[0m&amp#27;[32mthe todo with id &amp#27;[0m&amp#27;[32m&amp#27;[1m"1"&amp#27;[0m&amp#27;[32m exists&amp#27;[0m                                                                            &amp#27;[90m# com.ECSE429.BDDTest.TodosStepDefinitions.the_todo_with_id_exists(java.lang.String)&amp#27;[0m
  &amp#27;[32mAnd &amp#27;[0m&amp#27;[32mthe project with id &amp#27;[0m&amp#27;[32m&amp#27;[1m"1"&amp#27;[0m&amp#27;[32m exists&amp#27;[0m                                                                           &amp#27;[90m# com.ECSE429.BDDTest.TodosStepDefinitions.the_project_with_id_exists(java.lang.String)&amp#27;[0m
  &amp#27;[32mAnd &amp#27;[0m&amp#27;[32mthere is a tasksof relationship between todo with id &amp#27;[0m&amp#27;[32m&amp#27;[1m"1"&amp#27;[0m&amp#27;[32m and project with id &amp#27;[0m&amp#27;[32m&amp#27;[1m"1"&amp#27;[0m                         &amp#27;[90m# com.ECSE429.BDDTest.TodosStepDefinitions.there_is_a_tasksof_relationship_between_todo_with_id_and_project_with_id(java.lang.String,java.lang.String)&amp#27;[0m
  &amp#27;[32mWhen &amp#27;[0m&amp#27;[32mI delete the tasksof relationship between todo with id &amp#27;[0m&amp#27;[32m&amp#27;[1m"1"&amp#27;[0m&amp#27;[32m and project with id &amp#27;[0m&amp#27;[32m&amp#27;[1m"1"&amp#27;[0m&amp#27;[32m using id in endpoint&amp#27;[0m &amp#27;[90m# com.ECSE429.BDDTest.TodosStepDefinitions.i_delete_the_tasksof_relationship_between_todo_with_id_and_project_with_id_using_id_in_endpoint(java.lang.String,java.lang.String)&amp#27;[0m
  &amp#27;[32mThen &amp#27;[0m&amp#27;[32ma status code &amp#27;[0m&amp#27;[32m&amp#27;[1m"200"&amp#27;[0m&amp#27;[32m with response phrase &amp#27;[0m&amp#27;[32m&amp#27;[1m"OK"&amp#27;[0m&amp#27;[32m is returned&amp#27;[0m                                               &amp#27;[90m# com.ECSE429.BDDTest.TodosStepDefinitions.a_status_code_with_response_phrase_is_returned(java.lang.String,java.lang.String)&amp#27;[0m
  &amp#27;[32mAnd &amp#27;[0m&amp#27;[32mthe tasksof relationship between todo with id &amp#27;[0m&amp#27;[32m&amp#27;[1m"1"&amp#27;[0m&amp#27;[32m and project with id &amp#27;[0m&amp#27;[32m&amp#27;[1m"1"&amp#27;[0m&amp#27;[32m is deleted&amp#27;[0m                     &amp#27;[90m# com.ECSE429.BDDTest.TodosStepDefinitions.the_tasksof_relationship_between_todo_with_id_and_project_with_id_is_deleted(java.lang.String,java.lang.String)&amp#27;[0m
Shutdown system
]]></system-out>
  </testcase>
  <testcase name="Example #1.2" classname="Examples" time="1.528">
    <system-out><![CDATA[
Scenario Outline: Delete a tasksof relationship between todo and project using put method (Alternate Flow) &amp#27;[90m# features/DeleteTasksofTodo.feature:31&amp#27;[0m
Setting up environment
  &amp#27;[32mGiven &amp#27;[0m&amp#27;[32mthe service is running&amp#27;[0m                                                                             &amp#27;[90m# com.ECSE429.BDDTest.TodosStepDefinitions.the_service_is_running()&amp#27;[0m
  &amp#27;[32mGiven &amp#27;[0m&amp#27;[32mthe todo with id &amp#27;[0m&amp#27;[32m&amp#27;[1m"1"&amp#27;[0m&amp#27;[32m exists&amp#27;[0m                                                                        &amp#27;[90m# com.ECSE429.BDDTest.TodosStepDefinitions.the_todo_with_id_exists(java.lang.String)&amp#27;[0m
  &amp#27;[32mAnd &amp#27;[0m&amp#27;[32mthe project with id &amp#27;[0m&amp#27;[32m&amp#27;[1m"1"&amp#27;[0m&amp#27;[32m exists&amp#27;[0m                                                                       &amp#27;[90m# com.ECSE429.BDDTest.TodosStepDefinitions.the_project_with_id_exists(java.lang.String)&amp#27;[0m
  &amp#27;[32mAnd &amp#27;[0m&amp#27;[32mthere is a tasksof relationship between todo with id &amp#27;[0m&amp#27;[32m&amp#27;[1m"1"&amp#27;[0m&amp#27;[32m and project with id &amp#27;[0m&amp#27;[32m&amp#27;[1m"1"&amp#27;[0m                     &amp#27;[90m# com.ECSE429.BDDTest.TodosStepDefinitions.there_is_a_tasksof_relationship_between_todo_with_id_and_project_with_id(java.lang.String,java.lang.String)&amp#27;[0m
  &amp#27;[32mWhen &amp#27;[0m&amp#27;[32mI delete the tasksof relationship between todo with id &amp#27;[0m&amp#27;[32m&amp#27;[1m"1"&amp#27;[0m&amp#27;[32m and project with id &amp#27;[0m&amp#27;[32m&amp#27;[1m"1"&amp#27;[0m&amp#27;[32m using put method&amp#27;[0m &amp#27;[90m# com.ECSE429.BDDTest.TodosStepDefinitions.i_delete_the_tasksof_relationship_between_todo_with_id_and_project_with_id_using_put_method(java.lang.String,java.lang.String)&amp#27;[0m
  &amp#27;[32mThen &amp#27;[0m&amp#27;[32ma status code &amp#27;[0m&amp#27;[32m&amp#27;[1m"200"&amp#27;[0m&amp#27;[32m with response phrase &amp#27;[0m&amp#27;[32m&amp#27;[1m"OK"&amp#27;[0m&amp#27;[32m is returned&amp#27;[0m                                           &amp#27;[90m# com.ECSE429.BDDTest.TodosStepDefinitions.a_status_code_with_response_phrase_is_returned(java.lang.String,java.lang.String)&amp#27;[0m
  &amp#27;[32mAnd &amp#27;[0m&amp#27;[32mthe tasksof relationship between todo with id &amp#27;[0m&amp#27;[32m&amp#27;[1m"1"&amp#27;[0m&amp#27;[32m and project with id &amp#27;[0m&amp#27;[32m&amp#27;[1m"1"&amp#27;[0m&amp#27;[32m is deleted&amp#27;[0m                 &amp#27;[90m# com.ECSE429.BDDTest.TodosStepDefinitions.the_tasksof_relationship_between_todo_with_id_and_project_with_id_is_deleted(java.lang.String,java.lang.String)&amp#27;[0m
Shutdown system
]]></system-out>
  </testcase>
  <testcase name="Example #1.2" classname="Examples" time="1.562">
    <system-out><![CDATA[
Scenario Outline: Delete a tasksof relationship between nonexistent todo and project by id in endpoint (Error Flow)                                                                &amp#27;[90m# features/DeleteTasksofTodo.feature:42&amp#27;[0m
Setting up environment
  &amp#27;[32mGiven &amp#27;[0m&amp#27;[32mthe service is running&amp#27;[0m                                                                                                                                                     &amp#27;[90m# com.ECSE429.BDDTest.TodosStepDefinitions.the_service_is_running()&amp#27;[0m
  &amp#27;[32mGiven &amp#27;[0m&amp#27;[32mthe todo with id &amp#27;[0m&amp#27;[32m&amp#27;[1m"100"&amp#27;[0m&amp#27;[32m does not exist&amp#27;[0m                                                                                                                                      &amp#27;[90m# com.ECSE429.BDDTest.TodosStepDefinitions.the_todo_with_id_does_not_exist(java.lang.String)&amp#27;[0m
  &amp#27;[32mAnd &amp#27;[0m&amp#27;[32mthe project with id &amp#27;[0m&amp#27;[32m&amp#27;[1m"1"&amp#27;[0m&amp#27;[32m exists&amp#27;[0m                                                                                                                                               &amp#27;[90m# com.ECSE429.BDDTest.TodosStepDefinitions.the_project_with_id_exists(java.lang.String)&amp#27;[0m
  &amp#27;[32mWhen &amp#27;[0m&amp#27;[32mI delete the nonexistent tasksof relationship between todo with id &amp#27;[0m&amp#27;[32m&amp#27;[1m"100"&amp#27;[0m&amp#27;[32m and project with id &amp#27;[0m&amp#27;[32m&amp#27;[1m"1"&amp#27;[0m&amp#27;[32m using id in endpoint&amp#27;[0m                                                       &amp#27;[90m# com.ECSE429.BDDTest.TodosStepDefinitions.i_delete_the_nonexistent_tasksof_relationship_between_todo_with_id_and_project_with_id_using_id_in_endpoint(java.lang.String,java.lang.String)&amp#27;[0m
  &amp#27;[32mThen &amp#27;[0m&amp#27;[32ma status code &amp#27;[0m&amp#27;[32m&amp#27;[1m"400"&amp#27;[0m&amp#27;[32m with response phrase &amp#27;[0m&amp#27;[32m&amp#27;[1m"Bad Request"&amp#27;[0m&amp#27;[32m is returned&amp#27;[0m                                                                                                          &amp#27;[90m# com.ECSE429.BDDTest.TodosStepDefinitions.a_status_code_with_response_phrase_is_returned(java.lang.String,java.lang.String)&amp#27;[0m
  &amp#27;[32mAnd &amp#27;[0m&amp#27;[32mthe response body has the error message &amp#27;[0m&amp#27;[32m&amp#27;[1m"Cannot invoke \"uk.co.compendiumdev.thingifier.core.domain.instances.ThingInstance.getRelationships()\" because \"parent\" is null"&amp#27;[0m &amp#27;[90m# com.ECSE429.BDDTest.TodosStepDefinitions.the_response_body_has_the_error_message(java.lang.String)&amp#27;[0m
Shutdown system
]]></system-out>
  </testcase>
  <testcase name="Example #1.2" classname="Examples" time="1.541">
    <system-out><![CDATA[
Scenario Outline: Delete a tasksof relationship between todo and nonexistent project by id in endpoint (Error Flow)        &amp#27;[90m# features/DeleteTasksofTodo.feature:53&amp#27;[0m
Setting up environment
  &amp#27;[32mGiven &amp#27;[0m&amp#27;[32mthe service is running&amp#27;[0m                                                                                             &amp#27;[90m# com.ECSE429.BDDTest.TodosStepDefinitions.the_service_is_running()&amp#27;[0m
  &amp#27;[32mGiven &amp#27;[0m&amp#27;[32mthe todo with id &amp#27;[0m&amp#27;[32m&amp#27;[1m"2"&amp#27;[0m&amp#27;[32m exists&amp#27;[0m                                                                                        &amp#27;[90m# com.ECSE429.BDDTest.TodosStepDefinitions.the_todo_with_id_exists(java.lang.String)&amp#27;[0m
  &amp#27;[32mAnd &amp#27;[0m&amp#27;[32mthe project with id &amp#27;[0m&amp#27;[32m&amp#27;[1m"0"&amp#27;[0m&amp#27;[32m does not exist&amp#27;[0m                                                                               &amp#27;[90m# com.ECSE429.BDDTest.TodosStepDefinitions.the_project_with_id_does_not_exist(java.lang.String)&amp#27;[0m
  &amp#27;[32mWhen &amp#27;[0m&amp#27;[32mI delete the nonexistent tasksof relationship between todo with id &amp#27;[0m&amp#27;[32m&amp#27;[1m"2"&amp#27;[0m&amp#27;[32m and project with id &amp#27;[0m&amp#27;[32m&amp#27;[1m"0"&amp#27;[0m&amp#27;[32m using id in endpoint&amp#27;[0m &amp#27;[90m# com.ECSE429.BDDTest.TodosStepDefinitions.i_delete_the_nonexistent_tasksof_relationship_between_todo_with_id_and_project_with_id_using_id_in_endpoint(java.lang.String,java.lang.String)&amp#27;[0m
  &amp#27;[32mThen &amp#27;[0m&amp#27;[32ma status code &amp#27;[0m&amp#27;[32m&amp#27;[1m"404"&amp#27;[0m&amp#27;[32m with response phrase &amp#27;[0m&amp#27;[32m&amp#27;[1m"Not Found"&amp#27;[0m&amp#27;[32m is returned&amp#27;[0m                                                    &amp#27;[90m# com.ECSE429.BDDTest.TodosStepDefinitions.a_status_code_with_response_phrase_is_returned(java.lang.String,java.lang.String)&amp#27;[0m
  &amp#27;[32mAnd &amp#27;[0m&amp#27;[32mthe response body has the error message &amp#27;[0m&amp#27;[32m&amp#27;[1m"Could not find any instances with todos/2/tasksof/0"&amp#27;[0m                        &amp#27;[90m# com.ECSE429.BDDTest.TodosStepDefinitions.the_response_body_has_the_error_message(java.lang.String)&amp#27;[0m
Shutdown system
]]></system-out>
  </testcase>
  <testcase name="Example #1.2" classname="Examples" time="1.516">
    <system-out><![CDATA[
Scenario Outline: Get a todo by id in endpoint (Normal Flow)     &amp#27;[90m# features/GetTodoById.feature:16&amp#27;[0m
Setting up environment
  &amp#27;[32mGiven &amp#27;[0m&amp#27;[32mthe service is running&amp#27;[0m                                   &amp#27;[90m# com.ECSE429.BDDTest.TodosStepDefinitions.the_service_is_running()&amp#27;[0m
  &amp#27;[32mGiven &amp#27;[0m&amp#27;[32mthe todo with id &amp#27;[0m&amp#27;[32m&amp#27;[1m"2"&amp#27;[0m&amp#27;[32m exists&amp#27;[0m                              &amp#27;[90m# com.ECSE429.BDDTest.TodosStepDefinitions.the_todo_with_id_exists(java.lang.String)&amp#27;[0m
  &amp#27;[32mWhen &amp#27;[0m&amp#27;[32mI get the todo with id &amp#27;[0m&amp#27;[32m&amp#27;[1m"2"&amp#27;[0m                                &amp#27;[90m# com.ECSE429.BDDTest.TodosStepDefinitions.i_get_the_todo_with_id(java.lang.String)&amp#27;[0m
  &amp#27;[32mThen &amp#27;[0m&amp#27;[32ma status code &amp#27;[0m&amp#27;[32m&amp#27;[1m"200"&amp#27;[0m&amp#27;[32m with response phrase &amp#27;[0m&amp#27;[32m&amp#27;[1m"OK"&amp#27;[0m&amp#27;[32m is returned&amp#27;[0m &amp#27;[90m# com.ECSE429.BDDTest.TodosStepDefinitions.a_status_code_with_response_phrase_is_returned(java.lang.String,java.lang.String)&amp#27;[0m
  &amp#27;[32mAnd &amp#27;[0m&amp#27;[32mI should see a response of one todo with id &amp#27;[0m&amp#27;[32m&amp#27;[1m"2"&amp#27;[0m            &amp#27;[90m# com.ECSE429.BDDTest.TodosStepDefinitions.i_should_see_a_response_of_one_todo_with_id(java.lang.String)&amp#27;[0m
Shutdown system
]]></system-out>
  </testcase>
  <testcase name="Example #1.2" classname="Examples" time="1.516">
    <system-out><![CDATA[
Scenario Outline: Get a todo by filtering endpoint with id (Alternate Flow) &amp#27;[90m# features/GetTodoById.feature:26&amp#27;[0m
Setting up environment
  &amp#27;[32mGiven &amp#27;[0m&amp#27;[32mthe service is running&amp#27;[0m                                              &amp#27;[90m# com.ECSE429.BDDTest.TodosStepDefinitions.the_service_is_running()&amp#27;[0m
  &amp#27;[32mGiven &amp#27;[0m&amp#27;[32mthe todo with id &amp#27;[0m&amp#27;[32m&amp#27;[1m"2"&amp#27;[0m&amp#27;[32m exists&amp#27;[0m                                         &amp#27;[90m# com.ECSE429.BDDTest.TodosStepDefinitions.the_todo_with_id_exists(java.lang.String)&amp#27;[0m
  &amp#27;[32mWhen &amp#27;[0m&amp#27;[32mI filter the endpoint to get the todo with id &amp#27;[0m&amp#27;[32m&amp#27;[1m"2"&amp#27;[0m                    &amp#27;[90m# com.ECSE429.BDDTest.TodosStepDefinitions.i_filter_the_endpoint_to_get_the_todo_with_id(java.lang.String)&amp#27;[0m
  &amp#27;[32mThen &amp#27;[0m&amp#27;[32ma status code &amp#27;[0m&amp#27;[32m&amp#27;[1m"200"&amp#27;[0m&amp#27;[32m with response phrase &amp#27;[0m&amp#27;[32m&amp#27;[1m"OK"&amp#27;[0m&amp#27;[32m is returned&amp#27;[0m            &amp#27;[90m# com.ECSE429.BDDTest.TodosStepDefinitions.a_status_code_with_response_phrase_is_returned(java.lang.String,java.lang.String)&amp#27;[0m
  &amp#27;[32mAnd &amp#27;[0m&amp#27;[32mI should see a response of one todo with id &amp#27;[0m&amp#27;[32m&amp#27;[1m"2"&amp#27;[0m                       &amp#27;[90m# com.ECSE429.BDDTest.TodosStepDefinitions.i_should_see_a_response_of_one_todo_with_id(java.lang.String)&amp#27;[0m
Shutdown system
]]></system-out>
  </testcase>
  <testcase name="Example #1.2" classname="Examples" time="1.533">
    <system-out><![CDATA[
Scenario Outline: Get a nonexistent todo (Error Flow)                                     &amp#27;[90m# features/GetTodoById.feature:37&amp#27;[0m
Setting up environment
  &amp#27;[32mGiven &amp#27;[0m&amp#27;[32mthe service is running&amp#27;[0m                                                            &amp#27;[90m# com.ECSE429.BDDTest.TodosStepDefinitions.the_service_is_running()&amp#27;[0m
  &amp#27;[32mGiven &amp#27;[0m&amp#27;[32mthe todo with id &amp#27;[0m&amp#27;[32m&amp#27;[1m"100"&amp#27;[0m&amp#27;[32m does not exist&amp#27;[0m                                             &amp#27;[90m# com.ECSE429.BDDTest.TodosStepDefinitions.the_todo_with_id_does_not_exist(java.lang.String)&amp#27;[0m
  &amp#27;[32mWhen &amp#27;[0m&amp#27;[32mI get the todo with id &amp#27;[0m&amp#27;[32m&amp#27;[1m"100"&amp#27;[0m                                                       &amp#27;[90m# com.ECSE429.BDDTest.TodosStepDefinitions.i_get_the_todo_with_id(java.lang.String)&amp#27;[0m
  &amp#27;[32mThen &amp#27;[0m&amp#27;[32ma status code &amp#27;[0m&amp#27;[32m&amp#27;[1m"404"&amp#27;[0m&amp#27;[32m with response phrase &amp#27;[0m&amp#27;[32m&amp#27;[1m"Not Found"&amp#27;[0m&amp#27;[32m is returned&amp#27;[0m                   &amp#27;[90m# com.ECSE429.BDDTest.TodosStepDefinitions.a_status_code_with_response_phrase_is_returned(java.lang.String,java.lang.String)&amp#27;[0m
  &amp#27;[32mAnd &amp#27;[0m&amp#27;[32mthe response body has the error message &amp#27;[0m&amp#27;[32m&amp#27;[1m"Could not find an instance with todos/100"&amp#27;[0m &amp#27;[90m# com.ECSE429.BDDTest.TodosStepDefinitions.the_response_body_has_the_error_message(java.lang.String)&amp#27;[0m
  &amp#27;[32mAnd &amp#27;[0m&amp#27;[32mno todo is returned&amp#27;[0m                                                                 &amp#27;[90m# com.ECSE429.BDDTest.TodosStepDefinitions.no_todo_is_returned()&amp#27;[0m
Shutdown system
]]></system-out>
  </testcase>
  <testcase name="Example #1.2" classname="Examples" time="1.531">
    <system-out><![CDATA[
Scenario Outline: Create a relationship between nonexistent todo and category (Error Flow)                        &amp#27;[90m# features/PostTodoCategory.feature:40&amp#27;[0m
Setting up environment
  &amp#27;[32mGiven &amp#27;[0m&amp#27;[32mthe service is running&amp#27;[0m                                                                                    &amp#27;[90m# com.ECSE429.BDDTest.TodosStepDefinitions.the_service_is_running()&amp#27;[0m
  &amp#27;[32mGiven &amp#27;[0m&amp#27;[32mthe todo with id &amp#27;[0m&amp#27;[32m&amp#27;[1m"100"&amp#27;[0m&amp#27;[32m does not exist&amp#27;[0m                                                                     &amp#27;[90m# com.ECSE429.BDDTest.TodosStepDefinitions.the_todo_with_id_does_not_exist(java.lang.String)&amp#27;[0m
  &amp#27;[32mAnd &amp#27;[0m&amp#27;[32mthe category with id &amp#27;[0m&amp#27;[32m&amp#27;[1m"2"&amp#27;[0m&amp#27;[32m exists&amp#27;[0m                                                                             &amp#27;[90m# com.ECSE429.BDDTest.TodosStepDefinitions.the_category_with_id_exists(java.lang.String)&amp#27;[0m
{"id":"2"}
  &amp#27;[32mWhen &amp#27;[0m&amp#27;[32mI add a relationship between todo with id &amp#27;[0m&amp#27;[32m&amp#27;[1m"100"&amp#27;[0m&amp#27;[32m and nonexistent category with id &amp#27;[0m&amp#27;[32m&amp#27;[1m"2"&amp#27;[0m&amp#27;[32m using id in endpoint&amp#27;[0m  &amp#27;[90m# com.ECSE429.BDDTest.TodosStepDefinitions.i_add_a_relationship_between_todo_with_id_and_nonexistent_category_with_id_using_id_in_endpoint(java.lang.String,java.lang.String)&amp#27;[0m
  &amp#27;[32mThen &amp#27;[0m&amp#27;[32ma status code &amp#27;[0m&amp#27;[32m&amp#27;[1m"404"&amp#27;[0m&amp#27;[32m with response phrase &amp#27;[0m&amp#27;[32m&amp#27;[1m"Not Found"&amp#27;[0m&amp#27;[32m is returned&amp#27;[0m                                           &amp#27;[90m# com.ECSE429.BDDTest.TodosStepDefinitions.a_status_code_with_response_phrase_is_returned(java.lang.String,java.lang.String)&amp#27;[0m
  &amp#27;[32mAnd &amp#27;[0m&amp#27;[32mthe response body has the error message &amp#27;[0m&amp#27;[32m&amp#27;[1m"Could not find parent thing for relationship todos/100/categories"&amp#27;[0m &amp#27;[90m# com.ECSE429.BDDTest.TodosStepDefinitions.the_response_body_has_the_error_message(java.lang.String)&amp#27;[0m
Shutdown system
]]></system-out>
  </testcase>
  <testcase name="Example #1.3" classname="Examples" time="1.704">
    <system-out><![CDATA[
Scenario Outline: Create a new todo with title, description and doneStatus (Normal Flow)                                  &amp#27;[90m# features/AddTodo.feature:16&amp#27;[0m
Setting up environment
  &amp#27;[32mGiven &amp#27;[0m&amp#27;[32mthe service is running&amp#27;[0m                                                                                            &amp#27;[90m# com.ECSE429.BDDTest.TodosStepDefinitions.the_service_is_running()&amp#27;[0m
  &amp#27;[32mWhen &amp#27;[0m&amp#27;[32mI add a new todo with title &amp#27;[0m&amp#27;[32m&amp#27;[1m"with empty Desc"&amp#27;[0m&amp#27;[32m, description &amp#27;[0m&amp#27;[32m&amp#27;[1m""&amp#27;[0m&amp#27;[32m and doneStatus &amp#27;[0m&amp#27;[32m&amp#27;[1m"true"&amp#27;[0m                                &amp#27;[90m# com.ECSE429.BDDTest.TodosStepDefinitions.i_add_a_new_todo_with_title_description_and_done_status(java.lang.String,java.lang.String,java.lang.String)&amp#27;[0m
  &amp#27;[32mThen &amp#27;[0m&amp#27;[32ma status code &amp#27;[0m&amp#27;[32m&amp#27;[1m"201"&amp#27;[0m&amp#27;[32m with response phrase &amp#27;[0m&amp#27;[32m&amp#27;[1m"Created"&amp#27;[0m&amp#27;[32m is returned&amp#27;[0m                                                     &amp#27;[90m# com.ECSE429.BDDTest.TodosStepDefinitions.a_status_code_with_response_phrase_is_returned(java.lang.String,java.lang.String)&amp#27;[0m
  &amp#27;[32mAnd &amp#27;[0m&amp#27;[32mI should see one new todo with title &amp#27;[0m&amp#27;[32m&amp#27;[1m"with empty Desc"&amp#27;[0m&amp#27;[32m, description &amp#27;[0m&amp#27;[32m&amp#27;[1m""&amp#27;[0m&amp#27;[32m and doneStatus &amp#27;[0m&amp#27;[32m&amp#27;[1m"true"&amp#27;[0m&amp#27;[32m within the application&amp#27;[0m &amp#27;[90m# com.ECSE429.BDDTest.TodosStepDefinitions.i_should_see_one_new_todo_with_title_description_and_done_status_within_the_application(java.lang.String,java.lang.String,java.lang.String)&amp#27;[0m
Shutdown system
]]></system-out>
  </testcase>
  <testcase name="Example #1.3" classname="Examples" time="1.556">
    <system-out><![CDATA[
Scenario Outline: Create a new todo with title only (Alternate Flow)                                                       &amp#27;[90m# features/AddTodo.feature:26&amp#27;[0m
Setting up environment
  &amp#27;[32mGiven &amp#27;[0m&amp#27;[32mthe service is running&amp#27;[0m                                                                                             &amp#27;[90m# com.ECSE429.BDDTest.TodosStepDefinitions.the_service_is_running()&amp#27;[0m
  &amp#27;[32mWhen &amp#27;[0m&amp#27;[32mI add a new todo with title &amp#27;[0m&amp#27;[32m&amp#27;[1m"with empty Desc"&amp#27;[0m                                                                       &amp#27;[90m# com.ECSE429.BDDTest.TodosStepDefinitions.i_add_a_new_todo_with_title(java.lang.String)&amp#27;[0m
  &amp#27;[32mThen &amp#27;[0m&amp#27;[32ma status code &amp#27;[0m&amp#27;[32m&amp#27;[1m"201"&amp#27;[0m&amp#27;[32m with response phrase &amp#27;[0m&amp#27;[32m&amp#27;[1m"Created"&amp#27;[0m&amp#27;[32m is returned&amp#27;[0m                                                      &amp#27;[90m# com.ECSE429.BDDTest.TodosStepDefinitions.a_status_code_with_response_phrase_is_returned(java.lang.String,java.lang.String)&amp#27;[0m
  &amp#27;[32mAnd &amp#27;[0m&amp#27;[32mI should see one new todo with title &amp#27;[0m&amp#27;[32m&amp#27;[1m"with empty Desc"&amp#27;[0m&amp#27;[32m, description &amp#27;[0m&amp#27;[32m&amp#27;[1m""&amp#27;[0m&amp#27;[32m and doneStatus &amp#27;[0m&amp#27;[32m&amp#27;[1m"false"&amp#27;[0m&amp#27;[32m within the application&amp#27;[0m &amp#27;[90m# com.ECSE429.BDDTest.TodosStepDefinitions.i_should_see_one_new_todo_with_title_description_and_done_status_within_the_application(java.lang.String,java.lang.String,java.lang.String)&amp#27;[0m
Shutdown system
]]></system-out>
  </testcase>
</testsuite>